[15:59:52] [User Authenticator #75/INFO]: Disconnecting /151.203.196.197:53618: Failed to verify username!
[15:59:52] [User Authenticator #75/ERROR]: Username 'Imma_' tried to join with an invalid session
[15:59:52] [Server thread/INFO]: /151.203.196.197:53618 lost connection: Failed to verify username!
[15:59:52] [User Authenticator #76/INFO]: UUID of player Imma_ is f839bf97-7f9f-4495-a7cc-2828bf10dc99
[15:59:52] [Server thread/INFO]: Imma_[/151.203.196.197:53620] logged in with entity id 5292309 at (155.54365357872908, 11.0, 309.3389323440334)
[15:59:52] [Server thread/INFO]: Imma_ joined the game
[16:00:07] [Server thread/INFO]: [Imma_: Stopping the server]
[16:00:07] [Server thread/INFO]: Stopping server
[16:00:07] [Server thread/INFO]: Saving players
[16:00:07] [Server thread/INFO]: Saving worlds
[16:00:07] [Server thread/INFO]: Saving chunks for level 'world'/minecraft:overworld
[16:00:07] [Server thread/INFO]: Saving chunks for level 'world'/minecraft:the_nether
[16:00:07] [Server thread/INFO]: Saving chunks for level 'world'/minecraft:the_end
[16:00:07] [Server Shutdown Thread/INFO]: Stopping server
[16:00:07] [Server Shutdown Thread/INFO]: Saving players
[16:00:07] [Server Shutdown Thread/INFO]: Imma_ lost connection: Server closed
[16:00:07] [Server Shutdown Thread/INFO]: Imma_ left the game
[16:00:07] [Server Shutdown Thread/INFO]: Saving worlds
[16:00:07] [Server Shutdown Thread/INFO]: Saving chunks for level 'world'/minecraft:overworld
[16:00:07] [Server Shutdown Thread/INFO]: Saving chunks for level 'world'/minecraft:the_nether
[16:00:07] [Server Shutdown Thread/INFO]: Saving chunks for level 'world'/minecraft:the_end
